Stan 11 konflikty: 2 przesunięcie/redukcja
Stan 12 konflikty: 2 przesunięcie/redukcja


Gramatyka

    0 $accept: program $end

    1 program: program wyrazenie '\n'
    2        | %empty

    3 wyrazenie: LICZBA
    4          | wyrazenie '+' wyrazenie
    5          | wyrazenie '-' wyrazenie
    6          | '(' wyrazenie ')'
    7          | %empty


Symbole terminalne i reguły, w których występują

$end (0) 0
'\n' (10) 1
'(' (40) 6
')' (41) 6
'+' (43) 4
'-' (45) 5
error (256)
LICZBA (258) 3


Symbole nieterminalne i reguły, w których występują

$accept (9)
    po lewej: 0
program (10)
    po lewej: 1 2, po prawej: 0 1
wyrazenie (11)
    po lewej: 3 4 5 6 7, po prawej: 1 4 5 6


Stan 0

    0 $accept: . program $end

    $domyślnie  redukcja przy użyciu reguły 2 (program)

    program  przejście do stanu 1


Stan 1

    0 $accept: program . $end
    1 program: program . wyrazenie '\n'

    $end    przesunięcie, i przejście do stanu 2
    LICZBA  przesunięcie, i przejście do stanu 3
    '('     przesunięcie, i przejście do stanu 4

    $domyślnie  redukcja przy użyciu reguły 7 (wyrazenie)

    wyrazenie  przejście do stanu 5


Stan 2

    0 $accept: program $end .

    $domyślnie  akceptowanie


Stan 3

    3 wyrazenie: LICZBA .

    $domyślnie  redukcja przy użyciu reguły 3 (wyrazenie)


Stan 4

    6 wyrazenie: '(' . wyrazenie ')'

    LICZBA  przesunięcie, i przejście do stanu 3
    '('     przesunięcie, i przejście do stanu 4

    $domyślnie  redukcja przy użyciu reguły 7 (wyrazenie)

    wyrazenie  przejście do stanu 6


Stan 5

    1 program: program wyrazenie . '\n'
    4 wyrazenie: wyrazenie . '+' wyrazenie
    5          | wyrazenie . '-' wyrazenie

    '\n'  przesunięcie, i przejście do stanu 7
    '+'   przesunięcie, i przejście do stanu 8
    '-'   przesunięcie, i przejście do stanu 9


Stan 6

    4 wyrazenie: wyrazenie . '+' wyrazenie
    5          | wyrazenie . '-' wyrazenie
    6          | '(' wyrazenie . ')'

    '+'  przesunięcie, i przejście do stanu 8
    '-'  przesunięcie, i przejście do stanu 9
    ')'  przesunięcie, i przejście do stanu 10


Stan 7

    1 program: program wyrazenie '\n' .

    $domyślnie  redukcja przy użyciu reguły 1 (program)


Stan 8

    4 wyrazenie: wyrazenie '+' . wyrazenie

    LICZBA  przesunięcie, i przejście do stanu 3
    '('     przesunięcie, i przejście do stanu 4

    $domyślnie  redukcja przy użyciu reguły 7 (wyrazenie)

    wyrazenie  przejście do stanu 11


Stan 9

    5 wyrazenie: wyrazenie '-' . wyrazenie

    LICZBA  przesunięcie, i przejście do stanu 3
    '('     przesunięcie, i przejście do stanu 4

    $domyślnie  redukcja przy użyciu reguły 7 (wyrazenie)

    wyrazenie  przejście do stanu 12


Stan 10

    6 wyrazenie: '(' wyrazenie ')' .

    $domyślnie  redukcja przy użyciu reguły 6 (wyrazenie)


Stan 11

    4 wyrazenie: wyrazenie . '+' wyrazenie
    4          | wyrazenie '+' wyrazenie .
    5          | wyrazenie . '-' wyrazenie

    '+'  przesunięcie, i przejście do stanu 8
    '-'  przesunięcie, i przejście do stanu 9

    '+'          [redukcja przy użyciu reguły 4 (wyrazenie)]
    '-'          [redukcja przy użyciu reguły 4 (wyrazenie)]
    $domyślnie  redukcja przy użyciu reguły 4 (wyrazenie)


Stan 12

    4 wyrazenie: wyrazenie . '+' wyrazenie
    5          | wyrazenie . '-' wyrazenie
    5          | wyrazenie '-' wyrazenie .

    '+'  przesunięcie, i przejście do stanu 8
    '-'  przesunięcie, i przejście do stanu 9

    '+'          [redukcja przy użyciu reguły 5 (wyrazenie)]
    '-'          [redukcja przy użyciu reguły 5 (wyrazenie)]
    $domyślnie  redukcja przy użyciu reguły 5 (wyrazenie)
